<?xml version="1.0" encoding="UTF-8"?>
<!-- Generated by org.testng.reporters.JUnitXMLReporter -->
<testsuite ignored="0" hostname="TYSS-Sanganagouda" failures="1" tests="1" name="Surefire test" time="34.65" errors="0" timestamp="2023-09-29T17:23:47 IST">
  <testcase classname="io.cucumber.testng.AbstractTestNGCucumberTests" name="runScenario" time="33.806">
    <failure type="io.cucumber.core.exception.CucumberException" message="Step [Click on project menu button and provide necessary details to create a project and Click on create button] is defined with 2 parameters at &amp;apos;CucumberStepDefFiles.ProjectMenuStepDefFile.Click_on_project_menu_button_and_provide_necessary_details_to_create_a_project_and_create_project(java.lang.String,java.lang.String)&amp;apos;.
However, the gherkin step has 0 arguments.
Step text: Click on project menu button and provide necessary details to create a project and Click on create button">
      <![CDATA[io.cucumber.core.exception.CucumberException: Step [Click on project menu button and provide necessary details to create a project and Click on create button] is defined with 2 parameters at 'CucumberStepDefFiles.ProjectMenuStepDefFile.Click_on_project_menu_button_and_provide_necessary_details_to_create_a_project_and_create_project(java.lang.String,java.lang.String)'.
However, the gherkin step has 0 arguments.
Step text: Click on project menu button and provide necessary details to create a project and Click on create button
at io.cucumber.core.runner.PickleStepDefinitionMatch.arityMismatch(PickleStepDefinitionMatch.java:83)
at io.cucumber.core.runner.PickleStepDefinitionMatch.runStep(PickleStepDefinitionMatch.java:42)
at io.cucumber.core.runner.ExecutionMode$1.execute(ExecutionMode.java:10)
at io.cucumber.core.runner.TestStep.executeStep(TestStep.java:84)
at io.cucumber.core.runner.TestStep.run(TestStep.java:56)
at io.cucumber.core.runner.PickleStepTestStep.run(PickleStepTestStep.java:51)
at io.cucumber.core.runner.TestCase.run(TestCase.java:84)
at io.cucumber.core.runner.Runner.runPickle(Runner.java:75)
at io.cucumber.testng.TestNGCucumberRunner.lambda$runScenario$1(TestNGCucumberRunner.java:132)
at io.cucumber.core.runtime.CucumberExecutionContext.lambda$runTestCase$5(CucumberExecutionContext.java:137)
at io.cucumber.core.runtime.RethrowingThrowableCollector.executeAndThrow(RethrowingThrowableCollector.java:23)
at io.cucumber.core.runtime.CucumberExecutionContext.runTestCase(CucumberExecutionContext.java:137)
at io.cucumber.testng.TestNGCucumberRunner.runScenario(TestNGCucumberRunner.java:129)
at io.cucumber.testng.AbstractTestNGCucumberTests.runScenario(AbstractTestNGCucumberTests.java:35)
at java.base/java.util.ArrayList.forEach(ArrayList.java:1541)
... Removed 32 stack frames]]>
    </failure>
  </testcase> <!-- runScenario -->
</testsuite> <!-- Surefire test -->
