<?xml version="1.0" encoding="UTF-8"?>
<!-- Generated by org.testng.reporters.JUnitXMLReporter -->
<testsuite ignored="11" hostname="TYSS-Sanganagouda" failures="1" tests="1" name="Test1" time="33.814" errors="0" timestamp="2023-06-24T17:47:24 IST">
  <testcase classname="AutomationScripts.Repository" name="verify_UserAble_to_AddElementsFrom_SharedElement" time="5.233">
    <failure type="org.openqa.selenium.ElementClickInterceptedException" message="Element &amp;lt;button class=&amp;quot;primary-btn ml-4&amp;quot;&amp;gt; is not clickable at point (1293,131) because another element &amp;lt;div id=&amp;quot;root&amp;quot; class=&amp;quot;testoptimize-app&amp;quot;&amp;gt; obscures it
Build info: version: &amp;apos;4.5.0&amp;apos;, revision: &amp;apos;fe167b119a&amp;apos;
System info: os.name: &amp;apos;Windows 10&amp;apos;, os.arch: &amp;apos;amd64&amp;apos;, os.version: &amp;apos;10.0&amp;apos;, java.version: &amp;apos;11.0.11&amp;apos;
Driver info: org.openqa.selenium.firefox.FirefoxDriver
Command: [c4cbcb8b-2b00-4a99-a9d2-8bfe005cd7b8, clickElement {id=7c50e6eb-5046-4375-ae17-ae3142106b79}]
Capabilities {acceptInsecureCerts: true, browserName: firefox, browserVersion: 101.0.1, moz:accessibilityChecks: false, moz:buildID: 20220608170832, moz:debuggerAddress: localhost:60277, moz:geckodriverVersion: 0.31.0, moz:headless: false, moz:processID: 17676, moz:profile: C:\Users\User\AppData\Local..., moz:shutdownTimeout: 60000, moz:useNonSpecCompliantPointerOrigin: false, moz:webdriverClick: true, pageLoadStrategy: normal, platformName: WINDOWS, platformVersion: 10.0, proxy: Proxy(), se:cdp: ws://localhost:60277/devtoo..., se:cdpVersion: 85.0, setWindowRect: true, strictFileInteractability: false, timeouts: {implicit: 0, pageLoad: 300000, script: 30000}, unhandledPromptBehavior: dismiss and notify}
Element: [[FirefoxDriver: firefox on WINDOWS (c4cbcb8b-2b00-4a99-a9d2-8bfe005cd7b8)] -&amp;gt; xpath: //label[contains(@class,&amp;apos;project_label&amp;apos;)]/..//button]
Session ID: c4cbcb8b-2b00-4a99-a9d2-8bfe005cd7b8">
      <![CDATA[org.openqa.selenium.ElementClickInterceptedException: Element <button class="primary-btn ml-4"> is not clickable at point (1293,131) because another element <div id="root" class="testoptimize-app"> obscures it
Build info: version: '4.5.0', revision: 'fe167b119a'
System info: os.name: 'Windows 10', os.arch: 'amd64', os.version: '10.0', java.version: '11.0.11'
Driver info: org.openqa.selenium.firefox.FirefoxDriver
Command: [c4cbcb8b-2b00-4a99-a9d2-8bfe005cd7b8, clickElement {id=7c50e6eb-5046-4375-ae17-ae3142106b79}]
Capabilities {acceptInsecureCerts: true, browserName: firefox, browserVersion: 101.0.1, moz:accessibilityChecks: false, moz:buildID: 20220608170832, moz:debuggerAddress: localhost:60277, moz:geckodriverVersion: 0.31.0, moz:headless: false, moz:processID: 17676, moz:profile: C:\Users\User\AppData\Local..., moz:shutdownTimeout: 60000, moz:useNonSpecCompliantPointerOrigin: false, moz:webdriverClick: true, pageLoadStrategy: normal, platformName: WINDOWS, platformVersion: 10.0, proxy: Proxy(), se:cdp: ws://localhost:60277/devtoo..., se:cdpVersion: 85.0, setWindowRect: true, strictFileInteractability: false, timeouts: {implicit: 0, pageLoad: 300000, script: 30000}, unhandledPromptBehavior: dismiss and notify}
Element: [[FirefoxDriver: firefox on WINDOWS (c4cbcb8b-2b00-4a99-a9d2-8bfe005cd7b8)] -> xpath: //label[contains(@class,'project_label')]/..//button]
Session ID: c4cbcb8b-2b00-4a99-a9d2-8bfe005cd7b8
at org.openqa.selenium.remote.codec.w3c.W3CHttpResponseCodec.createException(W3CHttpResponseCodec.java:200)
at org.openqa.selenium.remote.codec.w3c.W3CHttpResponseCodec.decode(W3CHttpResponseCodec.java:133)
at org.openqa.selenium.remote.codec.w3c.W3CHttpResponseCodec.decode(W3CHttpResponseCodec.java:53)
at org.openqa.selenium.remote.HttpCommandExecutor.execute(HttpCommandExecutor.java:184)
at org.openqa.selenium.remote.service.DriverCommandExecutor.invokeExecute(DriverCommandExecutor.java:167)
at org.openqa.selenium.remote.service.DriverCommandExecutor.execute(DriverCommandExecutor.java:142)
at org.openqa.selenium.remote.RemoteWebDriver.execute(RemoteWebDriver.java:547)
at org.openqa.selenium.remote.RemoteWebElement.execute(RemoteWebElement.java:257)
at org.openqa.selenium.remote.RemoteWebElement.click(RemoteWebElement.java:78)
at org.openqa.selenium.support.pagefactory.internal.LocatingElementHandler.invoke(LocatingElementHandler.java:52)
at com.sun.proxy.$Proxy12.click(Unknown Source)
at BasePackage.Libraries.clickOnElement(Libraries.java:25)
at FireFlinkPages.LicenseManagement.ProjectListPage.navigateTo_createProjectPage(ProjectListPage.java:104)
at AutomationScripts.Repository.verify_UserAble_to_AddElementsFrom_SharedElement(Repository.java:139)
at java.base/java.util.ArrayList.forEach(ArrayList.java:1541)
... Removed 39 stack frames]]>
    </failure>
  </testcase> <!-- verify_UserAble_to_AddElementsFrom_SharedElement -->
  <testcase classname="AutomationScripts.Repository" name="verify_UserAble_to_CreateLibraryAddStepGroup" time="0.0">
    <ignored/>
  </testcase> <!-- verify_UserAble_to_CreateLibraryAddStepGroup -->
  <testcase classname="AutomationScripts.Repository" name="verify_UserAble_to_AddSubpageForCreatedPage" time="0.0">
    <ignored/>
  </testcase> <!-- verify_UserAble_to_AddSubpageForCreatedPage -->
  <testcase classname="AutomationScripts.Repository" name="verify_userAble_to_CreatePage_And_AddElementInWebProject" time="0.0">
    <ignored/>
  </testcase> <!-- verify_userAble_to_CreatePage_And_AddElementInWebProject -->
  <testcase classname="AutomationScripts.Repository" name="verify_UserAble_to_EditCreatedPage" time="0.0">
    <ignored/>
  </testcase> <!-- verify_UserAble_to_EditCreatedPage -->
  <testcase classname="AutomationScripts.Repository" name="verify_UserAble_to_CreateScreen_And_AddElementInMobileProject" time="0.0">
    <ignored/>
  </testcase> <!-- verify_UserAble_to_CreateScreen_And_AddElementInMobileProject -->
  <testcase classname="AutomationScripts.Repository" name="verify_UserAble_to_MakeSharedElement" time="0.0">
    <ignored/>
  </testcase> <!-- verify_UserAble_to_MakeSharedElement -->
  <testcase classname="AutomationScripts.Repository" name="verify_UserAble_to_DeleteAnElement" time="0.0">
    <ignored/>
  </testcase> <!-- verify_UserAble_to_DeleteAnElement -->
  <testcase classname="AutomationScripts.Repository" name="verify_UserAble_to_EditAnElement" time="0.0">
    <ignored/>
  </testcase> <!-- verify_UserAble_to_EditAnElement -->
  <testcase classname="AutomationScripts.Repository" name="verify_UserAble_to_createPageAndScreenInWebAndMobileTypeProject" time="0.0">
    <ignored/>
  </testcase> <!-- verify_UserAble_to_createPageAndScreenInWebAndMobileTypeProject -->
  <testcase classname="AutomationScripts.Repository" name="verify_UserAble_to_EditSharedElement" time="0.0">
    <ignored/>
  </testcase> <!-- verify_UserAble_to_EditSharedElement -->
  <testcase classname="AutomationScripts.Repository" name="verify_UserAble_to_DeleteCreatedPage" time="0.0">
    <ignored/>
  </testcase> <!-- verify_UserAble_to_DeleteCreatedPage -->
</testsuite> <!-- Test1 -->
