<?xml version="1.0" encoding="UTF-8"?>
<!-- Generated by org.testng.reporters.JUnitReportReporter -->
<testsuite hostname="TYSS-Sanganagouda" failures="0" tests="27" name="AutomationScripts.ProjectMenu" time="1315.153" errors="3" timestamp="2023-06-24T12:46:32 IST" skipped="22">
  <testcase classname="AutomationScripts.ProjectMenu" name="verify_userAble_to_ArchiveClosedProjectAndDelete" time="73.280"/>
  <system-out/>
  <testcase classname="AutomationScripts.ProjectMenu" name="verify_userAble_to_CreateRole" time="19.962">
    <skipped/>
  </testcase> <!-- verify_userAble_to_CreateRole -->
  <system-out/>
  <testcase classname="AutomationScripts.ProjectMenu" name="verify_UserAble_to_EditProjectFromIndividualProjectLevel" time="74.228">
    <skipped/>
  </testcase> <!-- verify_UserAble_to_EditProjectFromIndividualProjectLevel -->
  <system-out/>
  <testcase classname="AutomationScripts.ProjectMenu" name="verify_UserAble_to_createWebAndMobileTypeOfProject" time="94.262"/>
  <system-out/>
  <testcase classname="AutomationScripts.ProjectMenu" name="setUp" time="216.104">
    <error message="Could not start a new session. Possible causes are invalid address of the remote server or browser start-up failure. 
Host info: host: &#039;TYSS-SANGANAGOU&#039;, ip: &#039;192.168.2.17&#039;" type="org.openqa.selenium.SessionNotCreatedException">
      <![CDATA[org.openqa.selenium.SessionNotCreatedException: Could not start a new session. Possible causes are invalid address of the remote server or browser start-up failure. 
Host info: host: 'TYSS-SANGANAGOU', ip: '192.168.2.17'
at org.openqa.selenium.remote.RemoteWebDriver.execute(RemoteWebDriver.java:565)
at org.openqa.selenium.remote.RemoteWebDriver.startSession(RemoteWebDriver.java:242)
at org.openqa.selenium.remote.RemoteWebDriver.<init>(RemoteWebDriver.java:157)
at org.openqa.selenium.chromium.ChromiumDriver.<init>(ChromiumDriver.java:101)
at org.openqa.selenium.chrome.ChromeDriver.<init>(ChromeDriver.java:81)
at org.openqa.selenium.chrome.ChromeDriver.<init>(ChromeDriver.java:70)
at BasePackage.BaseTest.browserInitialization(BaseTest.java:42)
at BasePackage.BaseTest.setUp(BaseTest.java:98)
at java.base/jdk.internal.reflect.NativeMethodAccessorImpl.invoke0(Native Method)
at java.base/jdk.internal.reflect.NativeMethodAccessorImpl.invoke(NativeMethodAccessorImpl.java:62)
at java.base/jdk.internal.reflect.DelegatingMethodAccessorImpl.invoke(DelegatingMethodAccessorImpl.java:43)
at java.base/java.lang.reflect.Method.invoke(Method.java:566)
at org.testng.internal.invokers.MethodInvocationHelper.invokeMethod(MethodInvocationHelper.java:139)
at org.testng.internal.invokers.MethodInvocationHelper.invokeMethodConsideringTimeout(MethodInvocationHelper.java:69)
at org.testng.internal.invokers.ConfigInvoker.invokeConfigurationMethod(ConfigInvoker.java:361)
at org.testng.internal.invokers.ConfigInvoker.invokeConfigurations(ConfigInvoker.java:296)
at org.testng.internal.invokers.TestInvoker.runConfigMethods(TestInvoker.java:816)
at org.testng.internal.invokers.TestInvoker.invokeMethod(TestInvoker.java:590)
at org.testng.internal.invokers.TestInvoker.retryFailed(TestInvoker.java:263)
at org.testng.internal.invokers.MethodRunner.runInSequence(MethodRunner.java:62)
at org.testng.internal.invokers.TestInvoker$MethodInvocationAgent.invoke(TestInvoker.java:962)
at org.testng.internal.invokers.TestInvoker.invokeTestMethods(TestInvoker.java:194)
at org.testng.internal.invokers.TestMethodWorker.invokeTestMethods(TestMethodWorker.java:148)
at org.testng.internal.invokers.TestMethodWorker.run(TestMethodWorker.java:128)
at java.base/java.util.concurrent.ThreadPoolExecutor.runWorker(ThreadPoolExecutor.java:1128)
at java.base/java.util.concurrent.ThreadPoolExecutor$Worker.run(ThreadPoolExecutor.java:628)
at java.base/java.lang.Thread.run(Thread.java:834)
Caused by: org.openqa.selenium.TimeoutException: java.util.concurrent.TimeoutException
Build info: version: '4.5.0', revision: 'fe167b119a'
System info: os.name: 'Windows 10', os.arch: 'amd64', os.version: '10.0', java.version: '11.0.11'
Driver info: driver.version: ChromeDriver
at org.openqa.selenium.remote.http.netty.NettyHttpHandler.makeCall(NettyHttpHandler.java:65)
at org.openqa.selenium.remote.http.AddSeleniumUserAgent.lambda$apply$0(AddSeleniumUserAgent.java:42)
at org.openqa.selenium.remote.http.Filter.lambda$andFinally$1(Filter.java:56)
at org.openqa.selenium.remote.http.netty.NettyHttpHandler.execute(NettyHttpHandler.java:49)
at org.openqa.selenium.remote.http.AddSeleniumUserAgent.lambda$apply$0(AddSeleniumUserAgent.java:42)
at org.openqa.selenium.remote.http.Filter.lambda$andFinally$1(Filter.java:56)
at org.openqa.selenium.remote.http.netty.NettyClient.execute(NettyClient.java:99)
at org.openqa.selenium.remote.ProtocolHandshake.createSession(ProtocolHandshake.java:120)
at org.openqa.selenium.remote.ProtocolHandshake.createSession(ProtocolHandshake.java:102)
at org.openqa.selenium.remote.ProtocolHandshake.createSession(ProtocolHandshake.java:67)
at org.openqa.selenium.remote.HttpCommandExecutor.execute(HttpCommandExecutor.java:156)
at org.openqa.selenium.remote.service.DriverCommandExecutor.invokeExecute(DriverCommandExecutor.java:167)
at org.openqa.selenium.remote.service.DriverCommandExecutor.execute(DriverCommandExecutor.java:142)
at org.openqa.selenium.remote.RemoteWebDriver.execute(RemoteWebDriver.java:547)
... 26 more
Caused by: java.util.concurrent.TimeoutException
at java.base/java.util.concurrent.CompletableFuture.timedGet(CompletableFuture.java:1886)
at java.base/java.util.concurrent.CompletableFuture.get(CompletableFuture.java:2021)
at org.asynchttpclient.netty.NettyResponseFuture.get(NettyResponseFuture.java:206)
at org.openqa.selenium.remote.http.netty.NettyHttpHandler.makeCall(NettyHttpHandler.java:59)
... 39 more
]]>
    </error>
  </testcase> <!-- setUp -->
  <system-out/>
  <testcase classname="AutomationScripts.ProjectMenu" name="verify_QuickStart_Button" time="26.225">
    <skipped/>
  </testcase> <!-- verify_QuickStart_Button -->
  <system-out/>
  <testcase classname="AutomationScripts.ProjectMenu" name="verify_QuickStart_Button" time="33.715">
    <error message="no such element: Unable to locate element: {&quot;method&quot;:&quot;xpath&quot;,&quot;selector&quot;:&quot;//p[contains(text(),&#039;Quick Start&#039;)]&quot;}
  (Session info: chrome=114.0.5735.134)
For documentation on this error, please visit: https://selenium.dev/exceptions/#no_such_element
Build info: version: &#039;4.5.0&#039;, revision: &#039;fe167b119a&#039;
System info: os.name: &#039;Windows 10&#039;, os.arch: &#039;amd64&#039;, os.version: &#039;10.0&#039;, java.version: &#039;11.0.11&#039;
Driver info: org.openqa.selenium.chrome.ChromeDriver
Command: [2df9095b5017db4edde8267ce88ca0fa, findElement {using=xpath, value=//p[contains(text(),&#039;Quick Start&#039;)]}]
Capabilities {acceptInsecureCerts: false, browserName: chrome, browserVersion: 114.0.5735.134, chrome: {chromedriverVersion: 114.0.5735.90 (386bc09e8f4f..., userDataDir: C:\Users\User\AppData\Local...}, goog:chromeOptions: {debuggerAddress: localhost:52493}, networkConnectionEnabled: false, pageLoadStrategy: normal, platformName: WINDOWS, proxy: Proxy(), se:cdp: ws://localhost:52493/devtoo..., se:cdpVersion: 114.0.5735.134, setWindowRect: true, strictFileInteractability: false, timeouts: {implicit: 0, pageLoad: 300000, script: 30000}, unhandledPromptBehavior: dismiss and notify, webauthn:extension:credBlob: true, webauthn:extension:largeBlob: true, webauthn:extension:minPinLength: true, webauthn:extension:prf: true, webauthn:virtualAuthenticators: true}
Session ID: 2df9095b5017db4edde8267ce88ca0fa" type="org.openqa.selenium.NoSuchElementException">
      <![CDATA[org.openqa.selenium.NoSuchElementException: no such element: Unable to locate element: {"method":"xpath","selector":"//p[contains(text(),'Quick Start')]"}
  (Session info: chrome=114.0.5735.134)
For documentation on this error, please visit: https://selenium.dev/exceptions/#no_such_element
Build info: version: '4.5.0', revision: 'fe167b119a'
System info: os.name: 'Windows 10', os.arch: 'amd64', os.version: '10.0', java.version: '11.0.11'
Driver info: org.openqa.selenium.chrome.ChromeDriver
Command: [2df9095b5017db4edde8267ce88ca0fa, findElement {using=xpath, value=//p[contains(text(),'Quick Start')]}]
Capabilities {acceptInsecureCerts: false, browserName: chrome, browserVersion: 114.0.5735.134, chrome: {chromedriverVersion: 114.0.5735.90 (386bc09e8f4f..., userDataDir: C:\Users\User\AppData\Local...}, goog:chromeOptions: {debuggerAddress: localhost:52493}, networkConnectionEnabled: false, pageLoadStrategy: normal, platformName: WINDOWS, proxy: Proxy(), se:cdp: ws://localhost:52493/devtoo..., se:cdpVersion: 114.0.5735.134, setWindowRect: true, strictFileInteractability: false, timeouts: {implicit: 0, pageLoad: 300000, script: 30000}, unhandledPromptBehavior: dismiss and notify, webauthn:extension:credBlob: true, webauthn:extension:largeBlob: true, webauthn:extension:minPinLength: true, webauthn:extension:prf: true, webauthn:virtualAuthenticators: true}
Session ID: 2df9095b5017db4edde8267ce88ca0fa
at jdk.internal.reflect.GeneratedConstructorAccessor19.newInstance(Unknown Source)
at java.base/jdk.internal.reflect.DelegatingConstructorAccessorImpl.newInstance(DelegatingConstructorAccessorImpl.java:45)
at java.base/java.lang.reflect.Constructor.newInstance(Constructor.java:490)
at org.openqa.selenium.remote.codec.w3c.W3CHttpResponseCodec.createException(W3CHttpResponseCodec.java:200)
at org.openqa.selenium.remote.codec.w3c.W3CHttpResponseCodec.decode(W3CHttpResponseCodec.java:133)
at org.openqa.selenium.remote.codec.w3c.W3CHttpResponseCodec.decode(W3CHttpResponseCodec.java:53)
at org.openqa.selenium.remote.HttpCommandExecutor.execute(HttpCommandExecutor.java:184)
at org.openqa.selenium.remote.service.DriverCommandExecutor.invokeExecute(DriverCommandExecutor.java:167)
at org.openqa.selenium.remote.service.DriverCommandExecutor.execute(DriverCommandExecutor.java:142)
at org.openqa.selenium.remote.RemoteWebDriver.execute(RemoteWebDriver.java:547)
at org.openqa.selenium.remote.ElementLocation$ElementFinder$2.findElement(ElementLocation.java:162)
at org.openqa.selenium.remote.ElementLocation.findElement(ElementLocation.java:60)
at org.openqa.selenium.remote.RemoteWebDriver.findElement(RemoteWebDriver.java:365)
at org.openqa.selenium.remote.RemoteWebDriver.findElement(RemoteWebDriver.java:357)
at org.openqa.selenium.support.pagefactory.DefaultElementLocator.findElement(DefaultElementLocator.java:70)
at org.openqa.selenium.support.pagefactory.internal.LocatingElementHandler.invoke(LocatingElementHandler.java:39)
at com.sun.proxy.$Proxy13.getText(Unknown Source)
at FireFlinkPages.LicenseManagement.ProjectListPage.validate_QuickStartButton(ProjectListPage.java:99)
at AutomationScripts.ProjectMenu.verify_QuickStart_Button(ProjectMenu.java:83)
at java.base/jdk.internal.reflect.NativeMethodAccessorImpl.invoke0(Native Method)
at java.base/jdk.internal.reflect.NativeMethodAccessorImpl.invoke(NativeMethodAccessorImpl.java:62)
at java.base/jdk.internal.reflect.DelegatingMethodAccessorImpl.invoke(DelegatingMethodAccessorImpl.java:43)
at java.base/java.lang.reflect.Method.invoke(Method.java:566)
at org.testng.internal.invokers.MethodInvocationHelper.invokeMethod(MethodInvocationHelper.java:139)
at org.testng.internal.invokers.TestInvoker.invokeMethod(TestInvoker.java:677)
at org.testng.internal.invokers.TestInvoker.retryFailed(TestInvoker.java:263)
at org.testng.internal.invokers.MethodRunner.runInSequence(MethodRunner.java:62)
at org.testng.internal.invokers.TestInvoker$MethodInvocationAgent.invoke(TestInvoker.java:962)
at org.testng.internal.invokers.TestInvoker.invokeTestMethods(TestInvoker.java:194)
at org.testng.internal.invokers.TestMethodWorker.invokeTestMethods(TestMethodWorker.java:148)
at org.testng.internal.invokers.TestMethodWorker.run(TestMethodWorker.java:128)
at java.base/java.util.concurrent.ThreadPoolExecutor.runWorker(ThreadPoolExecutor.java:1128)
at java.base/java.util.concurrent.ThreadPoolExecutor$Worker.run(ThreadPoolExecutor.java:628)
at java.base/java.lang.Thread.run(Thread.java:834)
]]>
    </error>
  </testcase> <!-- verify_QuickStart_Button -->
  <system-out/>
  <testcase classname="AutomationScripts.ProjectMenu" name="verify_userAble_to_ArchiveClosedProjectAndDelete" time="49.139">
    <skipped/>
  </testcase> <!-- verify_userAble_to_ArchiveClosedProjectAndDelete -->
  <system-out/>
  <testcase classname="AutomationScripts.ProjectMenu" name="verify_userAble_to_Create_hybridIosMobileProject" time="23.556">
    <skipped/>
  </testcase> <!-- verify_userAble_to_Create_hybridIosMobileProject -->
  <system-out/>
  <testcase classname="AutomationScripts.ProjectMenu" name="verify_QuickStart_Button" time="60.955">
    <skipped/>
  </testcase> <!-- verify_QuickStart_Button -->
  <system-out/>
  <testcase classname="AutomationScripts.ProjectMenu" name="verify_userAble_to_Create_SalesforceProject" time="39.007">
    <skipped/>
  </testcase> <!-- verify_userAble_to_Create_SalesforceProject -->
  <system-out/>
  <testcase classname="AutomationScripts.ProjectMenu" name="verify_UserAble_to_EditProjectFromIndividualProjectLevel" time="62.106">
    <skipped/>
  </testcase> <!-- verify_UserAble_to_EditProjectFromIndividualProjectLevel -->
  <system-out/>
  <testcase classname="AutomationScripts.ProjectMenu" name="verify_userAble_to_CreateNewUser" time="12.273">
    <skipped/>
  </testcase> <!-- verify_userAble_to_CreateNewUser -->
  <system-out/>
  <testcase classname="AutomationScripts.ProjectMenu" name="verify_userAble_to_Create_nativeIosPMobileProject" time="42.764">
    <skipped/>
  </testcase> <!-- verify_userAble_to_Create_nativeIosPMobileProject -->
  <system-out/>
  <testcase classname="AutomationScripts.ProjectMenu" name="verify_userAble_to_Create_nativeAndroidAndIosPMobileProject" time="21.686">
    <skipped/>
  </testcase> <!-- verify_userAble_to_Create_nativeAndroidAndIosPMobileProject -->
  <system-out/>
  <testcase classname="AutomationScripts.ProjectMenu" name="verify_userAble_to_Create_nativeAndroidMobileProject" time="30.582">
    <skipped/>
  </testcase> <!-- verify_userAble_to_Create_nativeAndroidMobileProject -->
  <system-out/>
  <testcase classname="AutomationScripts.ProjectMenu" name="verify_userAble_to_Create_WebProject" time="21.696">
    <skipped/>
  </testcase> <!-- verify_userAble_to_Create_WebProject -->
  <system-out/>
  <testcase classname="AutomationScripts.ProjectMenu" name="verify_QuickStart_Button" time="62.149">
    <skipped/>
  </testcase> <!-- verify_QuickStart_Button -->
  <system-out/>
  <testcase classname="AutomationScripts.ProjectMenu" name="verify_userAble_to_Create_hybridAndroidMobileProject" time="18.980">
    <skipped/>
  </testcase> <!-- verify_userAble_to_Create_hybridAndroidMobileProject -->
  <system-out/>
  <testcase classname="AutomationScripts.ProjectMenu" name="verify_userAble_to_ReopenWebProject" time="23.883">
    <skipped/>
  </testcase> <!-- verify_userAble_to_ReopenWebProject -->
  <system-out/>
  <testcase classname="AutomationScripts.ProjectMenu" name="verify_UserAble_to_EditProjectFromIndividualProjectLevel" time="12.578">
    <error message="stale element reference: stale element not found
  (Session info: chrome=114.0.5735.134)
For documentation on this error, please visit: https://selenium.dev/exceptions/#stale_element_reference
Build info: version: &#039;4.5.0&#039;, revision: &#039;fe167b119a&#039;
System info: os.name: &#039;Windows 10&#039;, os.arch: &#039;amd64&#039;, os.version: &#039;10.0&#039;, java.version: &#039;11.0.11&#039;
Driver info: org.openqa.selenium.chrome.ChromeDriver
Command: [af5f684362771cac90f54fb9494beecd, sendKeysToElement {id=064FAAA1C0385FCB30206B5018207D31_element_2, value=[Ljava.lang.CharSequence;@9b85024}]
Capabilities {acceptInsecureCerts: false, browserName: chrome, browserVersion: 114.0.5735.134, chrome: {chromedriverVersion: 114.0.5735.90 (386bc09e8f4f..., userDataDir: C:\Users\User\AppData\Local...}, goog:chromeOptions: {debuggerAddress: localhost:53421}, networkConnectionEnabled: false, pageLoadStrategy: normal, platformName: WINDOWS, proxy: Proxy(), se:cdp: ws://localhost:53421/devtoo..., se:cdpVersion: 114.0.5735.134, setWindowRect: true, strictFileInteractability: false, timeouts: {implicit: 0, pageLoad: 300000, script: 30000}, unhandledPromptBehavior: dismiss and notify, webauthn:extension:credBlob: true, webauthn:extension:largeBlob: true, webauthn:extension:minPinLength: true, webauthn:extension:prf: true, webauthn:virtualAuthenticators: true}
Element: [[ChromeDriver: chrome on WINDOWS (af5f684362771cac90f54fb9494beecd)] -&gt; name: emailId]
Session ID: af5f684362771cac90f54fb9494beecd" type="org.openqa.selenium.StaleElementReferenceException">
      <![CDATA[org.openqa.selenium.StaleElementReferenceException: stale element reference: stale element not found
  (Session info: chrome=114.0.5735.134)
For documentation on this error, please visit: https://selenium.dev/exceptions/#stale_element_reference
Build info: version: '4.5.0', revision: 'fe167b119a'
System info: os.name: 'Windows 10', os.arch: 'amd64', os.version: '10.0', java.version: '11.0.11'
Driver info: org.openqa.selenium.chrome.ChromeDriver
Command: [af5f684362771cac90f54fb9494beecd, sendKeysToElement {id=064FAAA1C0385FCB30206B5018207D31_element_2, value=[Ljava.lang.CharSequence;@9b85024}]
Capabilities {acceptInsecureCerts: false, browserName: chrome, browserVersion: 114.0.5735.134, chrome: {chromedriverVersion: 114.0.5735.90 (386bc09e8f4f..., userDataDir: C:\Users\User\AppData\Local...}, goog:chromeOptions: {debuggerAddress: localhost:53421}, networkConnectionEnabled: false, pageLoadStrategy: normal, platformName: WINDOWS, proxy: Proxy(), se:cdp: ws://localhost:53421/devtoo..., se:cdpVersion: 114.0.5735.134, setWindowRect: true, strictFileInteractability: false, timeouts: {implicit: 0, pageLoad: 300000, script: 30000}, unhandledPromptBehavior: dismiss and notify, webauthn:extension:credBlob: true, webauthn:extension:largeBlob: true, webauthn:extension:minPinLength: true, webauthn:extension:prf: true, webauthn:virtualAuthenticators: true}
Element: [[ChromeDriver: chrome on WINDOWS (af5f684362771cac90f54fb9494beecd)] -> name: emailId]
Session ID: af5f684362771cac90f54fb9494beecd
at java.base/jdk.internal.reflect.NativeConstructorAccessorImpl.newInstance0(Native Method)
at java.base/jdk.internal.reflect.NativeConstructorAccessorImpl.newInstance(NativeConstructorAccessorImpl.java:62)
at java.base/jdk.internal.reflect.DelegatingConstructorAccessorImpl.newInstance(DelegatingConstructorAccessorImpl.java:45)
at java.base/java.lang.reflect.Constructor.newInstance(Constructor.java:490)
at org.openqa.selenium.remote.codec.w3c.W3CHttpResponseCodec.createException(W3CHttpResponseCodec.java:200)
at org.openqa.selenium.remote.codec.w3c.W3CHttpResponseCodec.decode(W3CHttpResponseCodec.java:133)
at org.openqa.selenium.remote.codec.w3c.W3CHttpResponseCodec.decode(W3CHttpResponseCodec.java:53)
at org.openqa.selenium.remote.HttpCommandExecutor.execute(HttpCommandExecutor.java:184)
at org.openqa.selenium.remote.service.DriverCommandExecutor.invokeExecute(DriverCommandExecutor.java:167)
at org.openqa.selenium.remote.service.DriverCommandExecutor.execute(DriverCommandExecutor.java:142)
at org.openqa.selenium.remote.RemoteWebDriver.execute(RemoteWebDriver.java:547)
at org.openqa.selenium.remote.RemoteWebElement.execute(RemoteWebElement.java:257)
at org.openqa.selenium.remote.RemoteWebElement.sendKeys(RemoteWebElement.java:113)
at jdk.internal.reflect.GeneratedMethodAccessor1.invoke(Unknown Source)
at java.base/jdk.internal.reflect.DelegatingMethodAccessorImpl.invoke(DelegatingMethodAccessorImpl.java:43)
at java.base/java.lang.reflect.Method.invoke(Method.java:566)
at org.openqa.selenium.support.pagefactory.internal.LocatingElementHandler.invoke(LocatingElementHandler.java:52)
at com.sun.proxy.$Proxy13.sendKeys(Unknown Source)
at BasePackage.Libraries.enterIntoElement(Libraries.java:33)
at FireFlinkPages.LicenseManagement.Sign_InPage.signInToFlinko(Sign_InPage.java:29)
at AutomationScripts.ProjectMenu.verify_UserAble_to_EditProjectFromIndividualProjectLevel(ProjectMenu.java:285)
at java.base/jdk.internal.reflect.NativeMethodAccessorImpl.invoke0(Native Method)
at java.base/jdk.internal.reflect.NativeMethodAccessorImpl.invoke(NativeMethodAccessorImpl.java:62)
at java.base/jdk.internal.reflect.DelegatingMethodAccessorImpl.invoke(DelegatingMethodAccessorImpl.java:43)
at java.base/java.lang.reflect.Method.invoke(Method.java:566)
at org.testng.internal.invokers.MethodInvocationHelper.invokeMethod(MethodInvocationHelper.java:139)
at org.testng.internal.invokers.TestInvoker.invokeMethod(TestInvoker.java:677)
at org.testng.internal.invokers.TestInvoker.retryFailed(TestInvoker.java:263)
at org.testng.internal.invokers.MethodRunner.runInSequence(MethodRunner.java:62)
at org.testng.internal.invokers.TestInvoker$MethodInvocationAgent.invoke(TestInvoker.java:962)
at org.testng.internal.invokers.TestInvoker.invokeTestMethods(TestInvoker.java:194)
at org.testng.internal.invokers.TestMethodWorker.invokeTestMethods(TestMethodWorker.java:148)
at org.testng.internal.invokers.TestMethodWorker.run(TestMethodWorker.java:128)
at java.base/java.util.concurrent.ThreadPoolExecutor.runWorker(ThreadPoolExecutor.java:1128)
at java.base/java.util.concurrent.ThreadPoolExecutor$Worker.run(ThreadPoolExecutor.java:628)
at java.base/java.lang.Thread.run(Thread.java:834)
]]>
    </error>
  </testcase> <!-- verify_UserAble_to_EditProjectFromIndividualProjectLevel -->
  <system-out/>
  <testcase classname="AutomationScripts.ProjectMenu" name="verify_userAble_to_ArchiveClosedProjectAndDelete" time="107.002">
    <skipped/>
  </testcase> <!-- verify_userAble_to_ArchiveClosedProjectAndDelete -->
  <system-out/>
  <testcase classname="AutomationScripts.ProjectMenu" name="verify_userUnable_to_DeleteOpenProject" time="42.503">
    <skipped/>
  </testcase> <!-- verify_userUnable_to_DeleteOpenProject -->
  <system-out/>
  <testcase classname="AutomationScripts.ProjectMenu" name="verify_userAble_to_Create_WebserviceProject" time="29.827">
    <skipped/>
  </testcase> <!-- verify_userAble_to_Create_WebserviceProject -->
  <system-out/>
  <testcase classname="AutomationScripts.ProjectMenu" name="verify_userAble_to_ArchiveClosedProjectAndDelete" time="92.352">
    <skipped/>
  </testcase> <!-- verify_userAble_to_ArchiveClosedProjectAndDelete -->
  <system-out/>
  <testcase classname="AutomationScripts.ProjectMenu" name="verify_UserAble_to_EditProjectFromIndividualProjectLevel" time="24.339">
    <skipped/>
  </testcase> <!-- verify_UserAble_to_EditProjectFromIndividualProjectLevel -->
  <system-out/>
  <testcase classname="AutomationScripts.ProjectMenu" name="verify_userAble_to_Create_hybridAndroidAndIosMobileProject" time="0.000">
    <skipped/>
  </testcase> <!-- verify_userAble_to_Create_hybridAndroidAndIosMobileProject -->
  <system-out/>
</testsuite> <!-- AutomationScripts.ProjectMenu -->
